<?xml version="1.0" encoding="UTF-8"?>
<!-- Generated by org.testng.reporters.JUnitReportReporter -->
<testsuite hostname="vijayp" name="testcases.TestC" tests="1" failures="0" timestamp="7 Oct 2016 06:28:07 GMT" time="2.016" errors="0">
  <testcase name="testC" time="2.016" classname="testcases.TestC"/>
</testsuite> <!-- testcases.TestC -->
