<?xml version="1.0" encoding="UTF-8"?>
<!-- Generated by org.testng.reporters.JUnitReportReporter -->
<testsuite skipped="0" hostname="vijayp" name="testcases.TestA" tests="1" failures="0" timestamp="24 Aug 2017 07:00:04 GMT" time="2.060" errors="0">
  <testcase name="testA" time="2.060" classname="testcases.TestA"/>
</testsuite> <!-- testcases.TestA -->
