<?xml version="1.0" encoding="UTF-8"?>
<!-- Generated by org.testng.reporters.JUnitReportReporter -->
<testsuite hostname="vijayp" name="testcases.TestB" tests="1" failures="0" timestamp="7 Oct 2016 06:28:07 GMT" time="2.042" errors="0">
  <testcase name="testB" time="2.042" classname="testcases.TestB"/>
</testsuite> <!-- testcases.TestB -->
